<?xml version="1.0" encoding="UTF-8"?>
<!-- Generated by org.testng.reporters.JUnitReportReporter -->
<testsuite hostname="morninng-HP-EliteBook-2170p" name="edu.cmu.sphinx.linguist.dictionary.DictionaryTest" tests="1" failures="0" timestamp="24 Sep 2014 13:37:44 GMT" time="0.045" errors="0">
  <testcase name="testDictionary" time="0.045" classname="edu.cmu.sphinx.linguist.dictionary.DictionaryTest"/>
</testsuite> <!-- edu.cmu.sphinx.linguist.dictionary.DictionaryTest -->
