<?xml version="1.0" encoding="UTF-8"?>
<!-- Generated by org.testng.reporters.JUnitReportReporter -->
<testsuite hostname="morninng-HP-EliteBook-2170p" name="edu.cmu.sphinx.alignment.TextAlignerSmallTest" tests="4" failures="0" timestamp="24 Sep 2014 13:37:44 GMT" time="0.002" errors="0">
  <testcase name="align" time="0.000" classname="edu.cmu.sphinx.alignment.TextAlignerSmallTest"/>
  <testcase name="align" time="0.000" classname="edu.cmu.sphinx.alignment.TextAlignerSmallTest"/>
  <testcase name="align" time="0.001" classname="edu.cmu.sphinx.alignment.TextAlignerSmallTest"/>
  <testcase name="align" time="0.001" classname="edu.cmu.sphinx.alignment.TextAlignerSmallTest"/>
</testsuite> <!-- edu.cmu.sphinx.alignment.TextAlignerSmallTest -->
