<?xml version="1.0" encoding="UTF-8"?>
<!-- Generated by org.testng.reporters.JUnitReportReporter -->
<testsuite hostname="morninng-HP-EliteBook-2170p" name="edu.cmu.sphinx.frontend.DataBlockerTest" tests="3" failures="0" timestamp="24 Sep 2014 13:35:34 GMT" time="0.003" errors="0">
  <testcase name="testUsualInput" time="0.001" classname="edu.cmu.sphinx.frontend.DataBlockerTest"/>
  <testcase name="testLongInput" time="0.000" classname="edu.cmu.sphinx.frontend.DataBlockerTest"/>
  <testcase name="skipLastSamples" time="0.002" classname="edu.cmu.sphinx.frontend.DataBlockerTest"/>
</testsuite> <!-- edu.cmu.sphinx.frontend.DataBlockerTest -->
