<?xml version="1.0" encoding="UTF-8"?>
<!-- Generated by org.testng.reporters.JUnitReportReporter -->
<testsuite hostname="morninng-HP-EliteBook-2170p" name="edu.cmu.sphinx.alignment.UsEnglishWordExpanderTest" tests="32" failures="0" timestamp="24 Sep 2014 13:35:34 GMT" time="0.299" errors="0">
  <testcase name="textToWords" time="0.002" classname="edu.cmu.sphinx.alignment.UsEnglishWordExpanderTest"/>
  <testcase name="textToWords" time="0.001" classname="edu.cmu.sphinx.alignment.UsEnglishWordExpanderTest"/>
  <testcase name="textToWords" time="0.002" classname="edu.cmu.sphinx.alignment.UsEnglishWordExpanderTest"/>
  <testcase name="textToWords" time="0.008" classname="edu.cmu.sphinx.alignment.UsEnglishWordExpanderTest"/>
  <testcase name="textToWords" time="0.002" classname="edu.cmu.sphinx.alignment.UsEnglishWordExpanderTest"/>
  <testcase name="textToWords" time="0.001" classname="edu.cmu.sphinx.alignment.UsEnglishWordExpanderTest"/>
  <testcase name="textToWords" time="0.001" classname="edu.cmu.sphinx.alignment.UsEnglishWordExpanderTest"/>
  <testcase name="textToWords" time="0.002" classname="edu.cmu.sphinx.alignment.UsEnglishWordExpanderTest"/>
  <testcase name="textToWords" time="0.001" classname="edu.cmu.sphinx.alignment.UsEnglishWordExpanderTest"/>
  <testcase name="textToWords" time="0.002" classname="edu.cmu.sphinx.alignment.UsEnglishWordExpanderTest"/>
  <testcase name="textToWords" time="0.002" classname="edu.cmu.sphinx.alignment.UsEnglishWordExpanderTest"/>
  <testcase name="textToWords" time="0.002" classname="edu.cmu.sphinx.alignment.UsEnglishWordExpanderTest"/>
  <testcase name="textToWords" time="0.001" classname="edu.cmu.sphinx.alignment.UsEnglishWordExpanderTest"/>
  <testcase name="textToWords" time="0.002" classname="edu.cmu.sphinx.alignment.UsEnglishWordExpanderTest"/>
  <testcase name="textToWords" time="0.224" classname="edu.cmu.sphinx.alignment.UsEnglishWordExpanderTest"/>
  <testcase name="textToWords" time="0.003" classname="edu.cmu.sphinx.alignment.UsEnglishWordExpanderTest"/>
  <testcase name="textToWords" time="0.002" classname="edu.cmu.sphinx.alignment.UsEnglishWordExpanderTest"/>
  <testcase name="textToWords" time="0.002" classname="edu.cmu.sphinx.alignment.UsEnglishWordExpanderTest"/>
  <testcase name="textToWords" time="0.001" classname="edu.cmu.sphinx.alignment.UsEnglishWordExpanderTest"/>
  <testcase name="textToWords" time="0.001" classname="edu.cmu.sphinx.alignment.UsEnglishWordExpanderTest"/>
  <testcase name="textToWords" time="0.003" classname="edu.cmu.sphinx.alignment.UsEnglishWordExpanderTest"/>
  <testcase name="textToWords" time="0.001" classname="edu.cmu.sphinx.alignment.UsEnglishWordExpanderTest"/>
  <testcase name="textToWords" time="0.003" classname="edu.cmu.sphinx.alignment.UsEnglishWordExpanderTest"/>
  <testcase name="textToWords" time="0.003" classname="edu.cmu.sphinx.alignment.UsEnglishWordExpanderTest"/>
  <testcase name="textToWords" time="0.001" classname="edu.cmu.sphinx.alignment.UsEnglishWordExpanderTest"/>
  <testcase name="textToWords" time="0.003" classname="edu.cmu.sphinx.alignment.UsEnglishWordExpanderTest"/>
  <testcase name="textToWords" time="0.014" classname="edu.cmu.sphinx.alignment.UsEnglishWordExpanderTest"/>
  <testcase name="textToWords" time="0.002" classname="edu.cmu.sphinx.alignment.UsEnglishWordExpanderTest"/>
  <testcase name="textToWords" time="0.001" classname="edu.cmu.sphinx.alignment.UsEnglishWordExpanderTest"/>
  <testcase name="textToWords" time="0.002" classname="edu.cmu.sphinx.alignment.UsEnglishWordExpanderTest"/>
  <testcase name="textToWords" time="0.003" classname="edu.cmu.sphinx.alignment.UsEnglishWordExpanderTest"/>
  <testcase name="textToWords" time="0.001" classname="edu.cmu.sphinx.alignment.UsEnglishWordExpanderTest"/>
</testsuite> <!-- edu.cmu.sphinx.alignment.UsEnglishWordExpanderTest -->
