<?xml version="1.0" encoding="UTF-8"?>
<!-- Generated by org.testng.reporters.JUnitReportReporter -->
<testsuite hostname="morninng-HP-EliteBook-2170p" name="edu.cmu.sphinx.linguist.language.grammar.BatchForcedAlignerGrammarTest" tests="1" failures="0" timestamp="24 Sep 2014 13:35:34 GMT" time="0.026" errors="0">
  <testcase name="testForcedAlignerGrammar" time="0.026" classname="edu.cmu.sphinx.linguist.language.grammar.BatchForcedAlignerGrammarTest"/>
</testsuite> <!-- edu.cmu.sphinx.linguist.language.grammar.BatchForcedAlignerGrammarTest -->
