<?xml version="1.0" encoding="UTF-8"?>
<!-- Generated by org.testng.reporters.JUnitReportReporter -->
<testsuite hostname="morninng-HP-EliteBook-2170p" name="edu.cmu.sphinx.fst.NShortestPathsTest" tests="1" failures="0" timestamp="24 Sep 2014 13:37:44 GMT" time="0.014" errors="0">
  <testcase name="testNShortestPaths" time="0.014" classname="edu.cmu.sphinx.fst.NShortestPathsTest"/>
</testsuite> <!-- edu.cmu.sphinx.fst.NShortestPathsTest -->
