<?xml version="1.0" encoding="UTF-8"?>
<!-- Generated by org.testng.reporters.JUnitReportReporter -->
<testsuite hostname="morninng-HP-EliteBook-2170p" name="edu.cmu.sphinx.result.LatticeCompTest" tests="1" failures="0" timestamp="24 Sep 2014 13:35:34 GMT" time="9.484" errors="0">
  <testcase name="testLatticeComp" time="9.484" classname="edu.cmu.sphinx.result.LatticeCompTest"/>
</testsuite> <!-- edu.cmu.sphinx.result.LatticeCompTest -->
